<?xml version="1.0" encoding="UTF-8"?>
<!-- Generated by org.testng.reporters.JUnitXMLReporter -->
<testsuite hostname="CCPT-DESKTOP13" ignored="0" name="Default test" tests="4" failures="0" timestamp="17 Jul 2017 05:40:45 GMT" time="61.847" errors="0">
  <testcase name="CheckAppLandingPage" time="8.446" classname="com.org.Functional.Tests.AppLandingTests"/>
  <testcase name="CheckAppLandingPage1" time="8.166" classname="com.org.Functional.Tests.AppLandingTests"/>
  <testcase name="CheckAppLandingPage2" time="8.125" classname="com.org.Functional.Tests.AppLandingTests"/>
  <testcase name="validateSuccessfulLogin" time="20.821" classname="com.org.Functional.Tests.AppLandingTests"/>
</testsuite> <!-- Default test -->
