<?xml version="1.0" encoding="UTF-8"?>
<!-- Generated by org.testng.reporters.JUnitXMLReporter -->
<testsuite hostname="CCPT-DESKTOP13" ignored="0" name="Regression 1" tests="2" failures="0" timestamp="17 Jul 2017 05:42:27 GMT" time="48.485" errors="0">
  <testcase name="CheckAppLandingPage" time="19.25" classname="com.org.Functional.Tests.AppLandingTests"/>
  <testcase name="validateSuccessfulLogin" time="20.961" classname="com.org.Functional.Tests.AppLandingTests"/>
</testsuite> <!-- Regression 1 -->
